DEBUG:root:This message should go to the log file
INFO:root:So should this
WARNING:root:And this, too
DEBUG:root:This message should go tof the log file
INFO:root:So should this
WARNING:root:And this, too
INFO:root:


Starting



DEBUG:root:This message should go tof the log file
INFO:root:So should this
WARNING:root:And this, too
2018-10-06 23:31:46,499 


Starting



2018-10-06 23:31:46,499 This message should go tof the log file
2018-10-06 23:31:46,499 So should this
2018-10-06 23:31:46,499 And this, too
2018-10-06 23:32:15,912 Starting



2018-10-06 23:32:15,912 This message should go tof the log file
2018-10-06 23:32:15,912 So should this
2018-10-06 23:32:15,912 And this, too
2018-10-06 23:32:33,949 Starting



2018-10-06 23:32:33,950 This message should go to the log file
2018-10-06 23:32:33,950 So should this
2018-10-06 23:32:33,950 And this, too
2018-10-06 23:33:09,487 


Starting



2018-10-06 23:33:09,488 This message should go to the log file
2018-10-06 23:33:09,488 So should this
2018-10-06 23:33:09,488 And this, too
