2022-08-17 11:13:33,922 - INFO - 16 - 


Starting



2022-08-17 11:13:33,922 - INFO - 9 - 


Starting



2022-08-17 11:13:33,923 - INFO - 57 - 


Starting



2022-08-17 11:13:33,923 - INFO - 258 - Now beginning a round where 0 actors have been added and 0 movies
2022-08-17 11:13:33,923 - INFO - 282 - Getting soup to parse attributes for Morgan Freeman
2022-08-17 11:13:33,923 - INFO - 68 - Getting Soup From URL for Morgan Freeman
2022-08-17 11:13:35,710 - INFO - 90 - Getting Movies that Morgan Freeman played in
2022-08-17 11:13:35,710 - INFO - 93 - Trying to get soup using the _filmography suffix for Morgan Freeman
2022-08-17 11:13:35,710 - INFO - 68 - Getting Soup From URL for Morgan Freeman
2022-08-17 11:13:36,909 - INFO - 208 - Morgan Freeman added The Pawnbroker (film) to the queue
2022-08-17 11:13:36,911 - INFO - 208 - Morgan Freeman added Hello, Dolly! (musical) to the queue
2022-08-17 11:13:36,911 - INFO - 208 - Morgan Freeman added Purlie to the queue
2022-08-17 11:13:36,911 - INFO - 208 - Morgan Freeman added The Electric Company to the queue
2022-08-17 11:13:36,911 - INFO - 208 - Morgan Freeman added Teachers (film) to the queue
2022-08-17 11:13:36,911 - INFO - 208 - Morgan Freeman added Marie (1985 film) to the queue
2022-08-17 11:13:36,911 - INFO - 208 - Morgan Freeman added Street Smart (film) to the queue
2022-08-17 11:13:36,911 - INFO - 208 - Morgan Freeman added Glory (1989 film) to the queue
2022-08-17 11:13:36,911 - DEBUG - 321 - tag list should have 8 many entries; it actually has 8 many entries
2022-08-17 11:13:36,911 - INFO - 322 - If it has fewer entries than it should have, this means that we tried parsing more records than the webpage allowed for
2022-08-17 11:13:36,911 - INFO - 258 - Now beginning a round where 1 actors have been added and 0 movies
2022-08-17 11:13:36,912 - INFO - 282 - Getting soup to parse attributes for The Pawnbroker (film)
2022-08-17 11:13:36,912 - INFO - 68 - Getting Soup From URL for The Pawnbroker (film)
2022-08-17 11:13:37,852 - ERROR - 178 - We could not parse the movie's attributes
2022-08-17 11:13:37,852 - INFO - 258 - Now beginning a round where 1 actors have been added and 0 movies
2022-08-17 11:13:37,852 - INFO - 282 - Getting soup to parse attributes for Hello, Dolly! (musical)
2022-08-17 11:13:37,852 - INFO - 68 - Getting Soup From URL for Hello, Dolly! (musical)
2022-08-17 11:13:39,045 - ERROR - 178 - We could not parse the movie's attributes
2022-08-17 11:13:39,045 - INFO - 258 - Now beginning a round where 1 actors have been added and 0 movies
2022-08-17 11:13:39,045 - INFO - 282 - Getting soup to parse attributes for Purlie
2022-08-17 11:13:39,045 - INFO - 68 - Getting Soup From URL for Purlie
2022-08-17 11:13:39,803 - ERROR - 178 - We could not parse the movie's attributes
2022-08-17 11:13:39,803 - INFO - 258 - Now beginning a round where 1 actors have been added and 0 movies
2022-08-17 11:13:39,803 - INFO - 282 - Getting soup to parse attributes for The Electric Company
2022-08-17 11:13:39,803 - INFO - 68 - Getting Soup From URL for The Electric Company
2022-08-17 11:13:40,835 - ERROR - 178 - We could not parse the movie's attributes
2022-08-17 11:13:40,835 - INFO - 258 - Now beginning a round where 1 actors have been added and 0 movies
2022-08-17 11:13:40,835 - INFO - 282 - Getting soup to parse attributes for Teachers (film)
2022-08-17 11:13:40,835 - INFO - 68 - Getting Soup From URL for Teachers (film)
2022-08-17 11:13:41,605 - INFO - 163 - The movie was released on 1984
2022-08-17 11:13:41,608 - INFO - 176 - The movie earned 27.7
2022-08-17 11:13:41,608 - INFO - 121 - Getting Actors that played in Teachers (film)
2022-08-17 11:13:41,609 - INFO - 208 - Teachers (film) added Nick Nolte to the queue
2022-08-17 11:13:41,610 - INFO - 208 - Teachers (film) added JoBeth Williams to the queue
2022-08-17 11:13:41,610 - INFO - 208 - Teachers (film) added Judd Hirsch to the queue
2022-08-17 11:13:41,610 - INFO - 208 - Teachers (film) added Ralph Macchio to the queue
2022-08-17 11:13:41,610 - INFO - 208 - Teachers (film) added Allen Garfield to the queue
2022-08-17 11:13:41,610 - INFO - 208 - Teachers (film) added Lee Grant to the queue
2022-08-17 11:13:41,610 - INFO - 208 - Teachers (film) added Richard Mulligan to the queue
2022-08-17 11:13:41,610 - DEBUG - 321 - tag list should have 20 many entries; it actually has 7 many entries
2022-08-17 11:13:41,610 - INFO - 322 - If it has fewer entries than it should have, this means that we tried parsing more records than the webpage allowed for
2022-08-17 11:13:41,610 - INFO - 258 - Now beginning a round where 1 actors have been added and 1 movies
2022-08-17 11:13:41,610 - INFO - 282 - Getting soup to parse attributes for Marie (1985 film)
2022-08-17 11:13:41,610 - INFO - 68 - Getting Soup From URL for Marie (1985 film)
2022-08-17 11:13:42,378 - INFO - 163 - The movie was released on 1985
2022-08-17 11:13:42,380 - INFO - 176 - The movie earned 2.5
2022-08-17 11:13:42,381 - INFO - 121 - Getting Actors that played in Marie (1985 film)
2022-08-17 11:13:42,382 - INFO - 208 - Marie (1985 film) added Sissy Spacek to the queue
2022-08-17 11:13:42,382 - INFO - 208 - Marie (1985 film) added Jeff Daniels to the queue
2022-08-17 11:13:42,383 - INFO - 208 - Marie (1985 film) added Keith Szarabajka to the queue
2022-08-17 11:13:42,383 - INFO - 208 - Marie (1985 film) added Morgan Freeman to the queue
2022-08-17 11:13:42,383 - INFO - 208 - Marie (1985 film) added Fred Thompson to the queue
2022-08-17 11:13:42,383 - DEBUG - 321 - tag list should have 20 many entries; it actually has 5 many entries
2022-08-17 11:13:42,384 - INFO - 322 - If it has fewer entries than it should have, this means that we tried parsing more records than the webpage allowed for
2022-08-17 11:13:42,384 - INFO - 258 - Now beginning a round where 1 actors have been added and 2 movies
2022-08-17 11:13:42,384 - INFO - 282 - Getting soup to parse attributes for Street Smart (film)
2022-08-17 11:13:42,384 - INFO - 68 - Getting Soup From URL for Street Smart (film)
2022-08-17 11:13:43,129 - ERROR - 178 - We could not parse the movie's attributes
2022-08-17 11:13:43,129 - INFO - 258 - Now beginning a round where 1 actors have been added and 2 movies
2022-08-17 11:13:43,129 - INFO - 282 - Getting soup to parse attributes for Glory (1989 film)
2022-08-17 11:13:43,129 - INFO - 68 - Getting Soup From URL for Glory (1989 film)
2022-08-17 11:13:44,147 - ERROR - 178 - We could not parse the movie's attributes
2022-08-17 11:13:44,147 - INFO - 258 - Now beginning a round where 1 actors have been added and 2 movies
2022-08-17 11:13:44,147 - INFO - 282 - Getting soup to parse attributes for Nick Nolte
2022-08-17 11:13:44,147 - INFO - 68 - Getting Soup From URL for Nick Nolte
2022-08-17 11:13:45,284 - ERROR - 191 - We could not parse the actor's attributes
2022-08-17 11:13:45,284 - INFO - 258 - Now beginning a round where 1 actors have been added and 2 movies
2022-08-17 11:13:45,284 - INFO - 282 - Getting soup to parse attributes for JoBeth Williams
2022-08-17 11:13:45,284 - INFO - 68 - Getting Soup From URL for JoBeth Williams
2022-08-17 11:13:46,177 - INFO - 90 - Getting Movies that JoBeth Williams played in
2022-08-17 11:13:46,177 - INFO - 93 - Trying to get soup using the _filmography suffix for JoBeth Williams
2022-08-17 11:13:46,177 - INFO - 68 - Getting Soup From URL for JoBeth Williams
2022-08-17 11:13:46,673 - ERROR - 79 - Connection to JoBeth_Williams failed
2022-08-17 11:13:46,676 - INFO - 96 - Trying to get soup using the #filmography suffix for JoBeth Williams
2022-08-17 11:13:46,676 - INFO - 68 - Getting Soup From URL for JoBeth Williams
2022-08-17 11:13:47,576 - INFO - 208 - JoBeth Williams added Stir Crazy (film) to the queue
2022-08-17 11:13:47,576 - INFO - 208 - JoBeth Williams added Poltergeist (1982 film) to the queue
2022-08-17 11:13:47,577 - INFO - 208 - JoBeth Williams added The Big Chill (film) to the queue
2022-08-17 11:13:47,577 - INFO - 208 - JoBeth Williams added The Day After to the queue
2022-08-17 11:13:47,577 - INFO - 208 - JoBeth Williams added Teachers (film) to the queue
2022-08-17 11:13:47,577 - INFO - 208 - JoBeth Williams added Poltergeist II: The Other Side to the queue
2022-08-17 11:13:47,577 - INFO - 208 - JoBeth Williams added Adam (1983 film) to the queue
2022-08-17 11:13:47,577 - INFO - 208 - JoBeth Williams added Baby M to the queue
2022-08-17 11:13:47,577 - DEBUG - 321 - tag list should have 8 many entries; it actually has 8 many entries
2022-08-17 11:13:47,577 - INFO - 322 - If it has fewer entries than it should have, this means that we tried parsing more records than the webpage allowed for
2022-08-17 11:13:47,577 - INFO - 258 - Now beginning a round where 2 actors have been added and 2 movies
2022-08-17 11:13:47,577 - INFO - 282 - Getting soup to parse attributes for Judd Hirsch
2022-08-17 11:13:47,578 - INFO - 68 - Getting Soup From URL for Judd Hirsch
2022-08-17 11:13:48,553 - INFO - 90 - Getting Movies that Judd Hirsch played in
2022-08-17 11:13:48,553 - INFO - 93 - Trying to get soup using the _filmography suffix for Judd Hirsch
2022-08-17 11:13:48,553 - INFO - 68 - Getting Soup From URL for Judd Hirsch
2022-08-17 11:13:49,050 - ERROR - 79 - Connection to Judd_Hirsch failed
2022-08-17 11:13:49,056 - INFO - 96 - Trying to get soup using the #filmography suffix for Judd Hirsch
2022-08-17 11:13:49,057 - INFO - 68 - Getting Soup From URL for Judd Hirsch
2022-08-17 11:13:50,337 - INFO - 208 - Judd Hirsch added Taxi (TV series) to the queue
2022-08-17 11:13:50,337 - INFO - 208 - Judd Hirsch added Dear John (American TV series) to the queue
2022-08-17 11:13:50,337 - INFO - 208 - Judd Hirsch added Numbers (TV series) to the queue
2022-08-17 11:13:50,337 - INFO - 208 - Judd Hirsch added Ordinary People to the queue
2022-08-17 11:13:50,337 - INFO - 208 - Judd Hirsch added Running on Empty (1988 film) to the queue
2022-08-17 11:13:50,337 - INFO - 208 - Judd Hirsch added Independence Day (1996 film) to the queue
2022-08-17 11:13:50,337 - INFO - 208 - Judd Hirsch added A Beautiful Mind (film) to the queue
2022-08-17 11:13:50,337 - INFO - 208 - Judd Hirsch added Independence Day: Resurgence to the queue
2022-08-17 11:13:50,337 - DEBUG - 321 - tag list should have 8 many entries; it actually has 8 many entries
2022-08-17 11:13:50,337 - INFO - 322 - If it has fewer entries than it should have, this means that we tried parsing more records than the webpage allowed for
2022-08-17 11:13:50,338 - INFO - 258 - Now beginning a round where 3 actors have been added and 2 movies
2022-08-17 11:13:50,338 - INFO - 282 - Getting soup to parse attributes for Ralph Macchio
2022-08-17 11:13:50,338 - INFO - 68 - Getting Soup From URL for Ralph Macchio
2022-08-17 11:13:51,217 - INFO - 90 - Getting Movies that Ralph Macchio played in
2022-08-17 11:13:51,217 - INFO - 93 - Trying to get soup using the _filmography suffix for Ralph Macchio
2022-08-17 11:13:51,217 - INFO - 68 - Getting Soup From URL for Ralph Macchio
2022-08-17 11:13:51,710 - ERROR - 79 - Connection to Ralph_Macchio failed
2022-08-17 11:13:51,712 - INFO - 96 - Trying to get soup using the #filmography suffix for Ralph Macchio
2022-08-17 11:13:51,713 - INFO - 68 - Getting Soup From URL for Ralph Macchio
2022-08-17 11:13:52,654 - INFO - 208 - Ralph Macchio added The Karate Kid (franchise) to the queue
2022-08-17 11:13:52,654 - INFO - 208 - Ralph Macchio added Cobra Kai to the queue
2022-08-17 11:13:52,655 - INFO - 208 - Ralph Macchio added The Outsiders (film) to the queue
2022-08-17 11:13:52,655 - INFO - 208 - Ralph Macchio added Eight Is Enough to the queue
2022-08-17 11:13:52,655 - INFO - 208 - Ralph Macchio added My Cousin Vinny to the queue
2022-08-17 11:13:52,655 - INFO - 208 - Ralph Macchio added Crossroads (1986 film) to the queue
2022-08-17 11:13:52,655 - INFO - 208 - Ralph Macchio added Ugly Betty to the queue
2022-08-17 11:13:52,655 - INFO - 208 - Ralph Macchio added The Deuce (TV series) to the queue
2022-08-17 11:13:52,655 - DEBUG - 321 - tag list should have 8 many entries; it actually has 8 many entries
2022-08-17 11:13:52,655 - INFO - 322 - If it has fewer entries than it should have, this means that we tried parsing more records than the webpage allowed for
2022-08-17 11:13:52,655 - INFO - 258 - Now beginning a round where 4 actors have been added and 2 movies
2022-08-17 11:13:52,655 - INFO - 282 - Getting soup to parse attributes for Allen Garfield
2022-08-17 11:13:52,655 - INFO - 68 - Getting Soup From URL for Allen Garfield
2022-08-17 11:13:53,579 - ERROR - 191 - We could not parse the actor's attributes
2022-08-17 11:13:53,579 - INFO - 258 - Now beginning a round where 4 actors have been added and 2 movies
2022-08-17 11:13:53,579 - INFO - 282 - Getting soup to parse attributes for Lee Grant
2022-08-17 11:13:53,579 - INFO - 68 - Getting Soup From URL for Lee Grant
2022-08-17 11:13:54,769 - ERROR - 191 - We could not parse the actor's attributes
2022-08-17 11:13:54,769 - INFO - 258 - Now beginning a round where 4 actors have been added and 2 movies
2022-08-17 11:13:54,771 - INFO - 282 - Getting soup to parse attributes for Richard Mulligan
2022-08-17 11:13:54,775 - INFO - 68 - Getting Soup From URL for Richard Mulligan
2022-08-17 11:13:55,874 - ERROR - 191 - We could not parse the actor's attributes
2022-08-17 11:13:55,874 - INFO - 258 - Now beginning a round where 4 actors have been added and 2 movies
2022-08-17 11:13:55,876 - INFO - 258 - Now beginning a round where 4 actors have been added and 2 movies
2022-08-17 11:13:55,876 - INFO - 282 - Getting soup to parse attributes for Sissy Spacek
2022-08-17 11:13:55,876 - INFO - 68 - Getting Soup From URL for Sissy Spacek
2022-08-17 11:13:57,070 - INFO - 90 - Getting Movies that Sissy Spacek played in
2022-08-17 11:13:57,071 - INFO - 93 - Trying to get soup using the _filmography suffix for Sissy Spacek
2022-08-17 11:13:57,071 - INFO - 68 - Getting Soup From URL for Sissy Spacek
2022-08-17 11:13:57,646 - ERROR - 79 - Connection to Sissy_Spacek failed
2022-08-17 11:13:57,648 - INFO - 96 - Trying to get soup using the #filmography suffix for Sissy Spacek
2022-08-17 11:13:57,648 - INFO - 68 - Getting Soup From URL for Sissy Spacek
2022-08-17 11:13:58,845 - INFO - 208 - Sissy Spacek added Women in Revolt to the queue
2022-08-17 11:13:58,845 - INFO - 208 - Sissy Spacek added Badlands (film) to the queue
2022-08-17 11:13:58,845 - INFO - 208 - Sissy Spacek added Carrie (1976 film) to the queue
2022-08-17 11:13:58,846 - INFO - 208 - Sissy Spacek added Welcome to L.A. to the queue
2022-08-17 11:13:58,846 - INFO - 208 - Sissy Spacek added 3 Women to the queue
2022-08-17 11:13:58,846 - INFO - 208 - Sissy Spacek added Coal Miner's Daughter (film) to the queue
2022-08-17 11:13:58,846 - INFO - 208 - Sissy Spacek added Missing (1982 film) to the queue
2022-08-17 11:13:58,846 - INFO - 208 - Sissy Spacek added The River (1984 film) to the queue
2022-08-17 11:13:58,846 - DEBUG - 321 - tag list should have 8 many entries; it actually has 8 many entries
2022-08-17 11:13:58,846 - INFO - 322 - If it has fewer entries than it should have, this means that we tried parsing more records than the webpage allowed for
2022-08-17 11:13:58,847 - INFO - 258 - Now beginning a round where 5 actors have been added and 2 movies
2022-08-17 11:13:58,847 - INFO - 282 - Getting soup to parse attributes for Jeff Daniels
2022-08-17 11:13:58,847 - INFO - 68 - Getting Soup From URL for Jeff Daniels
2022-08-17 11:13:59,968 - INFO - 90 - Getting Movies that Jeff Daniels played in
2022-08-17 11:13:59,968 - INFO - 93 - Trying to get soup using the _filmography suffix for Jeff Daniels
2022-08-17 11:13:59,969 - INFO - 68 - Getting Soup From URL for Jeff Daniels
2022-08-17 11:14:00,451 - ERROR - 79 - Connection to Jeff_Daniels failed
2022-08-17 11:14:00,454 - INFO - 96 - Trying to get soup using the #filmography suffix for Jeff Daniels
2022-08-17 11:14:00,455 - INFO - 68 - Getting Soup From URL for Jeff Daniels
2022-08-17 11:14:01,684 - INFO - 208 - Jeff Daniels added Ragtime (film) to the queue
2022-08-17 11:14:01,684 - INFO - 208 - Jeff Daniels added Terms of Endearment to the queue
2022-08-17 11:14:01,684 - INFO - 208 - Jeff Daniels added Heartburn (film) to the queue
2022-08-17 11:14:01,684 - INFO - 208 - Jeff Daniels added The Purple Rose of Cairo to the queue
2022-08-17 11:14:01,684 - INFO - 208 - Jeff Daniels added Something Wild (1986 film) to the queue
2022-08-17 11:14:01,684 - INFO - 208 - Jeff Daniels added Gettysburg (1993 film) to the queue
2022-08-17 11:14:01,685 - INFO - 208 - Jeff Daniels added Speed (1994 film) to the queue
2022-08-17 11:14:01,685 - INFO - 208 - Jeff Daniels added Dumb and Dumber to the queue
2022-08-17 11:14:01,685 - DEBUG - 321 - tag list should have 8 many entries; it actually has 8 many entries
2022-08-17 11:14:01,685 - INFO - 322 - If it has fewer entries than it should have, this means that we tried parsing more records than the webpage allowed for
2022-08-17 11:14:01,685 - INFO - 258 - Now beginning a round where 6 actors have been added and 2 movies
2022-08-17 11:14:01,685 - INFO - 282 - Getting soup to parse attributes for Keith Szarabajka
2022-08-17 11:14:01,685 - INFO - 68 - Getting Soup From URL for Keith Szarabajka
2022-08-17 11:14:02,642 - INFO - 90 - Getting Movies that Keith Szarabajka played in
2022-08-17 11:14:02,645 - INFO - 93 - Trying to get soup using the _filmography suffix for Keith Szarabajka
2022-08-17 11:14:02,645 - INFO - 68 - Getting Soup From URL for Keith Szarabajka
2022-08-17 11:14:03,136 - ERROR - 79 - Connection to Keith_Szarabajka failed
2022-08-17 11:14:03,139 - INFO - 96 - Trying to get soup using the #filmography suffix for Keith Szarabajka
2022-08-17 11:14:03,139 - INFO - 68 - Getting Soup From URL for Keith Szarabajka
2022-08-17 11:14:04,180 - INFO - 208 - Keith Szarabajka added The Equalizer (1985 TV series) to the queue
2022-08-17 11:14:04,180 - INFO - 208 - Keith Szarabajka added Angel (1999 TV series) to the queue
2022-08-17 11:14:04,180 - INFO - 208 - Keith Szarabajka added The Dark Knight to the queue
2022-08-17 11:14:04,180 - INFO - 208 - Keith Szarabajka added Argo (2012 film) to the queue
2022-08-17 11:14:04,181 - INFO - 208 - Keith Szarabajka added Dead Space (2008 video game) to the queue
2022-08-17 11:14:04,182 - INFO - 208 - Keith Szarabajka added Mass Effect 2 to the queue
2022-08-17 11:14:04,182 - INFO - 208 - Keith Szarabajka added L.A. Noire to the queue
2022-08-17 11:14:04,182 - INFO - 208 - Keith Szarabajka added Halo 4 to the queue
2022-08-17 11:14:04,182 - DEBUG - 321 - tag list should have 8 many entries; it actually has 8 many entries
2022-08-17 11:14:04,182 - INFO - 322 - If it has fewer entries than it should have, this means that we tried parsing more records than the webpage allowed for
2022-08-17 11:14:04,183 - INFO - 258 - Now beginning a round where 7 actors have been added and 2 movies
2022-08-17 11:14:04,184 - INFO - 258 - Now beginning a round where 7 actors have been added and 2 movies
2022-08-17 11:14:04,185 - INFO - 282 - Getting soup to parse attributes for Fred Thompson
2022-08-17 11:14:04,185 - INFO - 68 - Getting Soup From URL for Fred Thompson
2022-08-17 11:14:05,713 - ERROR - 191 - We could not parse the actor's attributes
2022-08-17 11:14:05,714 - INFO - 258 - Now beginning a round where 7 actors have been added and 2 movies
2022-08-17 11:14:05,714 - INFO - 258 - Now beginning a round where 7 actors have been added and 2 movies
2022-08-17 11:14:05,714 - INFO - 282 - Getting soup to parse attributes for Stir Crazy (film)
2022-08-17 11:14:05,714 - INFO - 68 - Getting Soup From URL for Stir Crazy (film)
2022-08-17 11:14:06,608 - INFO - 163 - The movie was released on 1980
2022-08-17 11:14:06,626 - INFO - 176 - The movie earned 101.0
2022-08-17 11:14:06,626 - INFO - 121 - Getting Actors that played in Stir Crazy (film)
2022-08-17 11:14:06,629 - INFO - 208 - Stir Crazy (film) added Gene Wilder to the queue
2022-08-17 11:14:06,629 - INFO - 208 - Stir Crazy (film) added Richard Pryor to the queue
2022-08-17 11:14:06,630 - DEBUG - 321 - tag list should have 20 many entries; it actually has 2 many entries
2022-08-17 11:14:06,630 - INFO - 322 - If it has fewer entries than it should have, this means that we tried parsing more records than the webpage allowed for
2022-08-17 11:14:06,630 - INFO - 258 - Now beginning a round where 7 actors have been added and 3 movies
2022-08-17 11:14:06,631 - INFO - 282 - Getting soup to parse attributes for Poltergeist (1982 film)
2022-08-17 11:14:06,631 - INFO - 68 - Getting Soup From URL for Poltergeist (1982 film)
2022-08-17 11:14:07,641 - INFO - 163 - The movie was released on 1982
2022-08-17 11:14:07,643 - INFO - 176 - The movie earned 121.7
2022-08-17 11:14:07,643 - INFO - 121 - Getting Actors that played in Poltergeist (1982 film)
2022-08-17 11:14:07,644 - INFO - 208 - Poltergeist (1982 film) added JoBeth Williams to the queue
2022-08-17 11:14:07,644 - INFO - 208 - Poltergeist (1982 film) added Craig T. Nelson to the queue
2022-08-17 11:14:07,644 - INFO - 208 - Poltergeist (1982 film) added Beatrice Straight to the queue
2022-08-17 11:14:07,644 - DEBUG - 321 - tag list should have 20 many entries; it actually has 3 many entries
2022-08-17 11:14:07,644 - INFO - 322 - If it has fewer entries than it should have, this means that we tried parsing more records than the webpage allowed for
2022-08-17 11:14:07,644 - INFO - 258 - Now beginning a round where 7 actors have been added and 4 movies
2022-08-17 11:14:07,644 - INFO - 282 - Getting soup to parse attributes for The Big Chill (film)
2022-08-17 11:14:07,644 - INFO - 68 - Getting Soup From URL for The Big Chill (film)
2022-08-17 11:14:08,632 - INFO - 163 - The movie was released on 1983
2022-08-17 11:14:08,634 - INFO - 176 - The movie earned 56.4
2022-08-17 11:14:08,634 - INFO - 121 - Getting Actors that played in The Big Chill (film)
2022-08-17 11:14:08,635 - INFO - 208 - The Big Chill (film) added Tom Berenger to the queue
2022-08-17 11:14:08,635 - INFO - 208 - The Big Chill (film) added Glenn Close to the queue
2022-08-17 11:14:08,635 - INFO - 208 - The Big Chill (film) added Jeff Goldblum to the queue
2022-08-17 11:14:08,636 - INFO - 208 - The Big Chill (film) added William Hurt to the queue
2022-08-17 11:14:08,636 - INFO - 208 - The Big Chill (film) added Kevin Kline to the queue
2022-08-17 11:14:08,636 - INFO - 208 - The Big Chill (film) added Mary Kay Place to the queue
2022-08-17 11:14:08,636 - INFO - 208 - The Big Chill (film) added Meg Tilly to the queue
2022-08-17 11:14:08,636 - INFO - 208 - The Big Chill (film) added JoBeth Williams to the queue
2022-08-17 11:14:08,636 - INFO - 208 - The Big Chill (film) added Don Galloway to the queue
2022-08-17 11:14:08,636 - DEBUG - 321 - tag list should have 20 many entries; it actually has 9 many entries
2022-08-17 11:14:08,636 - INFO - 322 - If it has fewer entries than it should have, this means that we tried parsing more records than the webpage allowed for
2022-08-17 11:14:08,636 - INFO - 258 - Now beginning a round where 7 actors have been added and 5 movies
2022-08-17 11:14:08,636 - INFO - 282 - Getting soup to parse attributes for The Day After
2022-08-17 11:14:08,636 - INFO - 68 - Getting Soup From URL for The Day After
2022-08-17 11:14:09,652 - ERROR - 178 - We could not parse the movie's attributes
2022-08-17 11:14:09,652 - INFO - 258 - Now beginning a round where 7 actors have been added and 5 movies
2022-08-17 11:14:09,653 - INFO - 258 - Now beginning a round where 7 actors have been added and 5 movies
2022-08-17 11:14:09,653 - INFO - 282 - Getting soup to parse attributes for Poltergeist II: The Other Side
2022-08-17 11:14:09,653 - INFO - 68 - Getting Soup From URL for Poltergeist II: The Other Side
2022-08-17 11:14:10,554 - INFO - 163 - The movie was released on 1986
2022-08-17 11:14:10,560 - INFO - 176 - The movie earned 75.0
2022-08-17 11:14:10,560 - INFO - 121 - Getting Actors that played in Poltergeist II: The Other Side
2022-08-17 11:14:10,563 - INFO - 208 - Poltergeist II: The Other Side added JoBeth Williams to the queue
2022-08-17 11:14:10,563 - INFO - 208 - Poltergeist II: The Other Side added Craig T. Nelson to the queue
2022-08-17 11:14:10,563 - INFO - 208 - Poltergeist II: The Other Side added Oliver Robins to the queue
2022-08-17 11:14:10,563 - INFO - 208 - Poltergeist II: The Other Side added Heather O'Rourke to the queue
2022-08-17 11:14:10,564 - INFO - 208 - Poltergeist II: The Other Side added Julian Beck to the queue
2022-08-17 11:14:10,564 - INFO - 208 - Poltergeist II: The Other Side added Zelda Rubinstein to the queue
2022-08-17 11:14:10,564 - INFO - 208 - Poltergeist II: The Other Side added Will Sampson to the queue
2022-08-17 11:14:10,564 - INFO - 208 - Poltergeist II: The Other Side added Geraldine Fitzgerald to the queue
2022-08-17 11:14:10,565 - DEBUG - 321 - tag list should have 20 many entries; it actually has 8 many entries
2022-08-17 11:14:10,565 - INFO - 322 - If it has fewer entries than it should have, this means that we tried parsing more records than the webpage allowed for
2022-08-17 11:14:10,565 - INFO - 258 - Now beginning a round where 7 actors have been added and 6 movies
2022-08-17 11:14:10,565 - INFO - 282 - Getting soup to parse attributes for Adam (1983 film)
2022-08-17 11:14:10,565 - INFO - 68 - Getting Soup From URL for Adam (1983 film)
2022-08-17 11:14:11,339 - ERROR - 178 - We could not parse the movie's attributes
2022-08-17 11:14:11,339 - INFO - 258 - Now beginning a round where 7 actors have been added and 6 movies
2022-08-17 11:14:11,340 - INFO - 282 - Getting soup to parse attributes for Baby M
2022-08-17 11:14:11,340 - INFO - 68 - Getting Soup From URL for Baby M
2022-08-17 11:14:12,152 - ERROR - 178 - We could not parse the movie's attributes
2022-08-17 11:14:12,152 - INFO - 258 - Now beginning a round where 7 actors have been added and 6 movies
2022-08-17 11:14:12,153 - INFO - 282 - Getting soup to parse attributes for Taxi (TV series)
2022-08-17 11:14:12,153 - INFO - 68 - Getting Soup From URL for Taxi (TV series)
2022-08-17 11:14:13,296 - ERROR - 178 - We could not parse the movie's attributes
2022-08-17 11:14:13,296 - INFO - 258 - Now beginning a round where 7 actors have been added and 6 movies
2022-08-17 11:14:13,296 - INFO - 282 - Getting soup to parse attributes for Dear John (American TV series)
2022-08-17 11:14:13,296 - INFO - 68 - Getting Soup From URL for Dear John (American TV series)
2022-08-17 11:14:14,144 - ERROR - 178 - We could not parse the movie's attributes
2022-08-17 11:14:14,144 - INFO - 258 - Now beginning a round where 7 actors have been added and 6 movies
2022-08-17 11:14:14,144 - INFO - 282 - Getting soup to parse attributes for Numbers (TV series)
2022-08-17 11:14:14,144 - INFO - 68 - Getting Soup From URL for Numbers (TV series)
2022-08-17 11:14:15,339 - ERROR - 178 - We could not parse the movie's attributes
2022-08-17 11:14:15,339 - INFO - 258 - Now beginning a round where 7 actors have been added and 6 movies
2022-08-17 11:14:15,340 - INFO - 282 - Getting soup to parse attributes for Ordinary People
2022-08-17 11:14:15,340 - INFO - 68 - Getting Soup From URL for Ordinary People
2022-08-17 11:14:16,571 - INFO - 163 - The movie was released on 1980
2022-08-17 11:14:16,573 - INFO - 176 - The movie earned 90.0
2022-08-17 11:14:16,574 - INFO - 121 - Getting Actors that played in Ordinary People
2022-08-17 11:14:16,574 - INFO - 208 - Ordinary People added Donald Sutherland to the queue
2022-08-17 11:14:16,575 - INFO - 208 - Ordinary People added Mary Tyler Moore to the queue
2022-08-17 11:14:16,575 - INFO - 208 - Ordinary People added Judd Hirsch to the queue
2022-08-17 11:14:16,575 - INFO - 208 - Ordinary People added Timothy Hutton to the queue
2022-08-17 11:14:16,575 - DEBUG - 321 - tag list should have 20 many entries; it actually has 4 many entries
2022-08-17 11:14:16,575 - INFO - 322 - If it has fewer entries than it should have, this means that we tried parsing more records than the webpage allowed for
2022-08-17 11:14:16,575 - INFO - 258 - Now beginning a round where 7 actors have been added and 7 movies
2022-08-17 11:14:16,575 - INFO - 282 - Getting soup to parse attributes for Running on Empty (1988 film)
2022-08-17 11:14:16,575 - INFO - 68 - Getting Soup From URL for Running on Empty (1988 film)
2022-08-17 11:14:17,480 - INFO - 163 - The movie was released on 1988
2022-08-17 11:14:17,498 - INFO - 176 - The movie earned 2.8
2022-08-17 11:14:17,499 - INFO - 121 - Getting Actors that played in Running on Empty (1988 film)
2022-08-17 11:14:17,504 - INFO - 208 - Running on Empty (1988 film) added Christine Lahti to the queue
2022-08-17 11:14:17,505 - INFO - 208 - Running on Empty (1988 film) added Judd Hirsch to the queue
2022-08-17 11:14:17,505 - INFO - 208 - Running on Empty (1988 film) added Martha Plimpton to the queue
2022-08-17 11:14:17,505 - INFO - 208 - Running on Empty (1988 film) added River Phoenix to the queue
2022-08-17 11:14:17,506 - INFO - 208 - Running on Empty (1988 film) added Steven Hill to the queue
2022-08-17 11:14:17,506 - DEBUG - 321 - tag list should have 20 many entries; it actually has 5 many entries
2022-08-17 11:14:17,506 - INFO - 322 - If it has fewer entries than it should have, this means that we tried parsing more records than the webpage allowed for
2022-08-17 11:14:17,506 - INFO - 258 - Now beginning a round where 7 actors have been added and 8 movies
2022-08-17 11:14:17,506 - INFO - 282 - Getting soup to parse attributes for Independence Day (1996 film)
2022-08-17 11:14:17,507 - INFO - 68 - Getting Soup From URL for Independence Day (1996 film)
2022-08-17 11:14:18,778 - INFO - 163 - The movie was released on 1996
2022-08-17 11:14:18,784 - INFO - 176 - The movie earned 817.4
2022-08-17 11:14:18,784 - INFO - 121 - Getting Actors that played in Independence Day (1996 film)
2022-08-17 11:14:18,785 - INFO - 208 - Independence Day (1996 film) added Will Smith to the queue
2022-08-17 11:14:18,785 - INFO - 208 - Independence Day (1996 film) added Bill Pullman to the queue
2022-08-17 11:14:18,785 - INFO - 208 - Independence Day (1996 film) added Jeff Goldblum to the queue
2022-08-17 11:14:18,785 - INFO - 208 - Independence Day (1996 film) added Mary McDonnell to the queue
2022-08-17 11:14:18,786 - INFO - 208 - Independence Day (1996 film) added Judd Hirsch to the queue
2022-08-17 11:14:18,786 - INFO - 208 - Independence Day (1996 film) added Margaret Colin to the queue
2022-08-17 11:14:18,786 - INFO - 208 - Independence Day (1996 film) added Randy Quaid to the queue
2022-08-17 11:14:18,786 - INFO - 208 - Independence Day (1996 film) added Robert Loggia to the queue
2022-08-17 11:14:18,786 - INFO - 208 - Independence Day (1996 film) added James Rebhorn to the queue
2022-08-17 11:14:18,786 - INFO - 208 - Independence Day (1996 film) added Harvey Fierstein to the queue
2022-08-17 11:14:18,786 - DEBUG - 321 - tag list should have 20 many entries; it actually has 10 many entries
2022-08-17 11:14:18,786 - INFO - 322 - If it has fewer entries than it should have, this means that we tried parsing more records than the webpage allowed for
2022-08-17 11:14:18,786 - INFO - 258 - Now beginning a round where 7 actors have been added and 9 movies
2022-08-17 11:14:18,787 - INFO - 282 - Getting soup to parse attributes for A Beautiful Mind (film)
2022-08-17 11:14:18,787 - INFO - 68 - Getting Soup From URL for A Beautiful Mind (film)
2022-08-17 11:14:19,949 - ERROR - 178 - We could not parse the movie's attributes
2022-08-17 11:14:19,949 - INFO - 258 - Now beginning a round where 7 actors have been added and 9 movies
2022-08-17 11:14:19,950 - INFO - 282 - Getting soup to parse attributes for Independence Day: Resurgence
2022-08-17 11:14:19,950 - INFO - 68 - Getting Soup From URL for Independence Day: Resurgence
2022-08-17 11:14:21,094 - ERROR - 178 - We could not parse the movie's attributes
2022-08-17 11:14:21,094 - INFO - 258 - Now beginning a round where 7 actors have been added and 9 movies
2022-08-17 11:14:21,095 - INFO - 282 - Getting soup to parse attributes for The Karate Kid (franchise)
2022-08-17 11:14:21,095 - INFO - 68 - Getting Soup From URL for The Karate Kid (franchise)
2022-08-17 11:14:22,239 - ERROR - 178 - We could not parse the movie's attributes
2022-08-17 11:14:22,239 - INFO - 258 - Now beginning a round where 7 actors have been added and 9 movies
2022-08-17 11:14:22,239 - INFO - 282 - Getting soup to parse attributes for Cobra Kai
2022-08-17 11:14:22,239 - INFO - 68 - Getting Soup From URL for Cobra Kai
2022-08-17 11:14:23,670 - ERROR - 178 - We could not parse the movie's attributes
2022-08-17 11:14:23,670 - INFO - 258 - Now beginning a round where 7 actors have been added and 9 movies
2022-08-17 11:14:23,670 - INFO - 282 - Getting soup to parse attributes for The Outsiders (film)
2022-08-17 11:14:23,670 - INFO - 68 - Getting Soup From URL for The Outsiders (film)
2022-08-17 11:14:24,545 - INFO - 163 - The movie was released on 1983
2022-08-17 11:14:24,547 - INFO - 176 - The movie earned 33.7
2022-08-17 11:14:24,547 - INFO - 121 - Getting Actors that played in The Outsiders (film)
2022-08-17 11:14:24,548 - INFO - 208 - The Outsiders (film) added C. Thomas Howell to the queue
2022-08-17 11:14:24,548 - INFO - 208 - The Outsiders (film) added Matt Dillon to the queue
2022-08-17 11:14:24,548 - INFO - 208 - The Outsiders (film) added Ralph Macchio to the queue
2022-08-17 11:14:24,548 - INFO - 208 - The Outsiders (film) added Patrick Swayze to the queue
2022-08-17 11:14:24,548 - INFO - 208 - The Outsiders (film) added Rob Lowe to the queue
2022-08-17 11:14:24,548 - INFO - 208 - The Outsiders (film) added Diane Lane to the queue
2022-08-17 11:14:24,548 - INFO - 208 - The Outsiders (film) added Emilio Estevez to the queue
2022-08-17 11:14:24,548 - INFO - 208 - The Outsiders (film) added Tom Cruise to the queue
2022-08-17 11:14:24,548 - INFO - 208 - The Outsiders (film) added Leif Garrett to the queue
2022-08-17 11:14:24,548 - DEBUG - 321 - tag list should have 20 many entries; it actually has 9 many entries
2022-08-17 11:14:24,548 - INFO - 322 - If it has fewer entries than it should have, this means that we tried parsing more records than the webpage allowed for
2022-08-17 11:14:24,549 - INFO - 258 - Now beginning a round where 7 actors have been added and 10 movies
2022-08-17 11:14:24,549 - INFO - 282 - Getting soup to parse attributes for Eight Is Enough
2022-08-17 11:14:24,549 - INFO - 68 - Getting Soup From URL for Eight Is Enough
2022-08-17 11:14:25,698 - ERROR - 178 - We could not parse the movie's attributes
2022-08-17 11:14:25,699 - INFO - 258 - Now beginning a round where 7 actors have been added and 10 movies
2022-08-17 11:14:25,699 - INFO - 282 - Getting soup to parse attributes for My Cousin Vinny
2022-08-17 11:14:25,699 - INFO - 68 - Getting Soup From URL for My Cousin Vinny
2022-08-17 11:14:26,569 - INFO - 163 - The movie was released on 1992
2022-08-17 11:14:26,572 - INFO - 176 - The movie earned 64.1
2022-08-17 11:14:26,572 - INFO - 121 - Getting Actors that played in My Cousin Vinny
2022-08-17 11:14:26,573 - INFO - 208 - My Cousin Vinny added Joe Pesci to the queue
2022-08-17 11:14:26,573 - INFO - 208 - My Cousin Vinny added Ralph Macchio to the queue
2022-08-17 11:14:26,573 - INFO - 208 - My Cousin Vinny added Marisa Tomei to the queue
2022-08-17 11:14:26,573 - INFO - 208 - My Cousin Vinny added Mitchell Whitfield to the queue
2022-08-17 11:14:26,573 - INFO - 208 - My Cousin Vinny added Fred Gwynne to the queue
2022-08-17 11:14:26,573 - DEBUG - 321 - tag list should have 20 many entries; it actually has 5 many entries
2022-08-17 11:14:26,573 - INFO - 322 - If it has fewer entries than it should have, this means that we tried parsing more records than the webpage allowed for
2022-08-17 11:14:26,573 - INFO - 258 - Now beginning a round where 7 actors have been added and 11 movies
2022-08-17 11:14:26,573 - INFO - 282 - Getting soup to parse attributes for Crossroads (1986 film)
2022-08-17 11:14:26,573 - INFO - 68 - Getting Soup From URL for Crossroads (1986 film)
2022-08-17 11:14:27,461 - INFO - 163 - The movie was released on 1986
2022-08-17 11:14:27,465 - ERROR - 178 - We could not parse the movie's attributes
2022-08-17 11:14:27,465 - INFO - 258 - Now beginning a round where 7 actors have been added and 11 movies
2022-08-17 11:14:27,465 - INFO - 282 - Getting soup to parse attributes for Ugly Betty
2022-08-17 11:14:27,465 - INFO - 68 - Getting Soup From URL for Ugly Betty
2022-08-17 11:14:28,963 - ERROR - 178 - We could not parse the movie's attributes
2022-08-17 11:14:28,964 - INFO - 258 - Now beginning a round where 7 actors have been added and 11 movies
2022-08-17 11:14:28,965 - INFO - 282 - Getting soup to parse attributes for The Deuce (TV series)
2022-08-17 11:14:28,967 - INFO - 68 - Getting Soup From URL for The Deuce (TV series)
2022-08-17 11:14:30,217 - ERROR - 178 - We could not parse the movie's attributes
2022-08-17 11:14:30,218 - INFO - 258 - Now beginning a round where 7 actors have been added and 11 movies
2022-08-17 11:14:30,220 - INFO - 282 - Getting soup to parse attributes for Women in Revolt
2022-08-17 11:14:30,220 - INFO - 68 - Getting Soup From URL for Women in Revolt
2022-08-17 11:14:31,153 - INFO - 163 - The movie was released on 1971
2022-08-17 11:14:31,183 - ERROR - 178 - We could not parse the movie's attributes
2022-08-17 11:14:31,183 - INFO - 258 - Now beginning a round where 7 actors have been added and 11 movies
2022-08-17 11:14:31,183 - INFO - 282 - Getting soup to parse attributes for Badlands (film)
2022-08-17 11:14:31,183 - INFO - 68 - Getting Soup From URL for Badlands (film)
2022-08-17 11:14:32,159 - INFO - 163 - The movie was released on 1973
2022-08-17 11:14:32,260 - ERROR - 178 - We could not parse the movie's attributes
2022-08-17 11:14:32,262 - INFO - 258 - Now beginning a round where 7 actors have been added and 11 movies
2022-08-17 11:14:32,262 - INFO - 282 - Getting soup to parse attributes for Carrie (1976 film)
2022-08-17 11:14:32,263 - INFO - 68 - Getting Soup From URL for Carrie (1976 film)
2022-08-17 11:14:33,534 - INFO - 163 - The movie was released on 1976
2022-08-17 11:14:33,536 - INFO - 176 - The movie earned 33.8
2022-08-17 11:14:33,536 - INFO - 121 - Getting Actors that played in Carrie (1976 film)
2022-08-17 11:14:33,537 - INFO - 208 - Carrie (1976 film) added Sissy Spacek to the queue
2022-08-17 11:14:33,537 - INFO - 208 - Carrie (1976 film) added Amy Irving to the queue
2022-08-17 11:14:33,537 - INFO - 208 - Carrie (1976 film) added Betty Buckley to the queue
2022-08-17 11:14:33,537 - INFO - 208 - Carrie (1976 film) added Nancy Allen (actress) to the queue
2022-08-17 11:14:33,537 - INFO - 208 - Carrie (1976 film) added William Katt to the queue
2022-08-17 11:14:33,537 - INFO - 208 - Carrie (1976 film) added John Travolta to the queue
2022-08-17 11:14:33,537 - INFO - 208 - Carrie (1976 film) added P.J. Soles to the queue
2022-08-17 11:14:33,538 - INFO - 208 - Carrie (1976 film) added Piper Laurie to the queue
2022-08-17 11:14:33,538 - DEBUG - 321 - tag list should have 20 many entries; it actually has 8 many entries
2022-08-17 11:14:33,538 - INFO - 322 - If it has fewer entries than it should have, this means that we tried parsing more records than the webpage allowed for
2022-08-17 11:14:33,538 - INFO - 258 - Now beginning a round where 7 actors have been added and 12 movies
2022-08-17 11:14:33,538 - INFO - 282 - Getting soup to parse attributes for Welcome to L.A.
2022-08-17 11:14:33,538 - INFO - 68 - Getting Soup From URL for Welcome to L.A.
2022-08-17 11:14:34,821 - ERROR - 178 - We could not parse the movie's attributes
2022-08-17 11:14:34,821 - INFO - 258 - Now beginning a round where 7 actors have been added and 12 movies
2022-08-17 11:14:34,822 - INFO - 282 - Getting soup to parse attributes for 3 Women
2022-08-17 11:14:34,824 - INFO - 68 - Getting Soup From URL for 3 Women
2022-08-17 11:14:35,910 - ERROR - 178 - We could not parse the movie's attributes
2022-08-17 11:14:35,911 - INFO - 258 - Now beginning a round where 7 actors have been added and 12 movies
2022-08-17 11:14:35,911 - INFO - 282 - Getting soup to parse attributes for Coal Miner's Daughter (film)
2022-08-17 11:14:35,911 - INFO - 68 - Getting Soup From URL for Coal Miner's Daughter (film)
2022-08-17 11:14:37,231 - INFO - 163 - The movie was released on 1980
2022-08-17 11:14:37,236 - INFO - 176 - The movie earned 67.18
2022-08-17 11:14:37,236 - INFO - 121 - Getting Actors that played in Coal Miner's Daughter (film)
2022-08-17 11:14:37,238 - INFO - 208 - Coal Miner's Daughter (film) added Sissy Spacek to the queue
2022-08-17 11:14:37,240 - INFO - 208 - Coal Miner's Daughter (film) added Tommy Lee Jones to the queue
2022-08-17 11:14:37,240 - INFO - 208 - Coal Miner's Daughter (film) added Beverly D'Angelo to the queue
2022-08-17 11:14:37,240 - INFO - 208 - Coal Miner's Daughter (film) added Levon Helm to the queue
2022-08-17 11:14:37,240 - DEBUG - 321 - tag list should have 20 many entries; it actually has 4 many entries
2022-08-17 11:14:37,241 - INFO - 322 - If it has fewer entries than it should have, this means that we tried parsing more records than the webpage allowed for
2022-08-17 11:14:37,241 - INFO - 258 - Now beginning a round where 7 actors have been added and 13 movies
2022-08-17 11:14:37,241 - INFO - 282 - Getting soup to parse attributes for Missing (1982 film)
2022-08-17 11:14:37,241 - INFO - 68 - Getting Soup From URL for Missing (1982 film)
2022-08-17 11:14:38,471 - INFO - 163 - The movie was released on 1982
2022-08-17 11:14:38,477 - INFO - 176 - The movie earned 16.0
2022-08-17 11:14:38,477 - INFO - 121 - Getting Actors that played in Missing (1982 film)
2022-08-17 11:14:38,479 - INFO - 208 - Missing (1982 film) added Jack Lemmon to the queue
2022-08-17 11:14:38,480 - INFO - 208 - Missing (1982 film) added Sissy Spacek to the queue
2022-08-17 11:14:38,480 - INFO - 208 - Missing (1982 film) added Melanie Mayron to the queue
2022-08-17 11:14:38,481 - INFO - 208 - Missing (1982 film) added John Shea to the queue
2022-08-17 11:14:38,481 - INFO - 208 - Missing (1982 film) added Tina Romero to the queue
2022-08-17 11:14:38,482 - DEBUG - 321 - tag list should have 20 many entries; it actually has 5 many entries
2022-08-17 11:14:38,482 - INFO - 322 - If it has fewer entries than it should have, this means that we tried parsing more records than the webpage allowed for
2022-08-17 11:14:38,482 - INFO - 258 - Now beginning a round where 7 actors have been added and 14 movies
2022-08-17 11:14:38,482 - INFO - 282 - Getting soup to parse attributes for The River (1984 film)
2022-08-17 11:14:38,483 - INFO - 68 - Getting Soup From URL for The River (1984 film)
2022-08-17 11:14:39,297 - ERROR - 178 - We could not parse the movie's attributes
2022-08-17 11:14:39,297 - INFO - 258 - Now beginning a round where 7 actors have been added and 14 movies
2022-08-17 11:14:39,297 - INFO - 282 - Getting soup to parse attributes for Ragtime (film)
2022-08-17 11:14:39,298 - INFO - 68 - Getting Soup From URL for Ragtime (film)
2022-08-17 11:14:40,226 - INFO - 163 - The movie was released on 1981
2022-08-17 11:14:40,232 - INFO - 176 - The movie earned 21.2
2022-08-17 11:14:40,233 - INFO - 121 - Getting Actors that played in Ragtime (film)
2022-08-17 11:14:40,237 - INFO - 208 - Ragtime (film) added Howard Rollins to the queue
2022-08-17 11:14:40,237 - INFO - 208 - Ragtime (film) added James Cagney to the queue
2022-08-17 11:14:40,237 - INFO - 208 - Ragtime (film) added Brad Dourif to the queue
2022-08-17 11:14:40,237 - INFO - 208 - Ragtime (film) added Elizabeth McGovern to the queue
2022-08-17 11:14:40,237 - INFO - 208 - Ragtime (film) added Moses Gunn to the queue
2022-08-17 11:14:40,238 - INFO - 208 - Ragtime (film) added Mary Steenburgen to the queue
2022-08-17 11:14:40,238 - INFO - 208 - Ragtime (film) added James Olson (actor) to the queue
2022-08-17 11:14:40,238 - INFO - 208 - Ragtime (film) added Kenneth McMillan (actor) to the queue
2022-08-17 11:14:40,238 - INFO - 208 - Ragtime (film) added Pat O'Brien (actor) to the queue
2022-08-17 11:14:40,238 - INFO - 208 - Ragtime (film) added Mandy Patinkin to the queue
2022-08-17 11:14:40,238 - INFO - 208 - Ragtime (film) added Donald O'Connor to the queue
2022-08-17 11:14:40,238 - INFO - 208 - Ragtime (film) added Fran Drescher to the queue
2022-08-17 11:14:40,238 - INFO - 208 - Ragtime (film) added Richard Griffiths to the queue
2022-08-17 11:14:40,239 - INFO - 208 - Ragtime (film) added Norman Mailer to the queue
2022-08-17 11:14:40,239 - INFO - 208 - Ragtime (film) added Robert Joy to the queue
2022-08-17 11:14:40,239 - INFO - 208 - Ragtime (film) added Jeff Daniels to the queue
2022-08-17 11:14:40,239 - INFO - 208 - Ragtime (film) added Debbie Allen to the queue
2022-08-17 11:14:40,239 - DEBUG - 321 - tag list should have 20 many entries; it actually has 17 many entries
2022-08-17 11:14:40,239 - INFO - 322 - If it has fewer entries than it should have, this means that we tried parsing more records than the webpage allowed for
2022-08-17 11:14:40,240 - INFO - 258 - Now beginning a round where 7 actors have been added and 15 movies
2022-08-17 11:14:40,240 - INFO - 282 - Getting soup to parse attributes for Terms of Endearment
2022-08-17 11:14:40,240 - INFO - 68 - Getting Soup From URL for Terms of Endearment
2022-08-17 11:14:41,376 - ERROR - 178 - We could not parse the movie's attributes
2022-08-17 11:14:41,376 - INFO - 258 - Now beginning a round where 7 actors have been added and 15 movies
2022-08-17 11:14:41,376 - INFO - 282 - Getting soup to parse attributes for Heartburn (film)
2022-08-17 11:14:41,377 - INFO - 68 - Getting Soup From URL for Heartburn (film)
2022-08-17 11:14:42,166 - INFO - 163 - The movie was released on 1986
2022-08-17 11:14:42,168 - INFO - 176 - The movie earned 52.6
2022-08-17 11:14:42,168 - INFO - 121 - Getting Actors that played in Heartburn (film)
2022-08-17 11:14:42,169 - INFO - 208 - Heartburn (film) added Meryl Streep to the queue
2022-08-17 11:14:42,169 - INFO - 208 - Heartburn (film) added Jack Nicholson to the queue
2022-08-17 11:14:42,169 - DEBUG - 321 - tag list should have 20 many entries; it actually has 2 many entries
2022-08-17 11:14:42,169 - INFO - 322 - If it has fewer entries than it should have, this means that we tried parsing more records than the webpage allowed for
2022-08-17 11:14:42,169 - INFO - 258 - Now beginning a round where 7 actors have been added and 16 movies
2022-08-17 11:14:42,170 - INFO - 282 - Getting soup to parse attributes for The Purple Rose of Cairo
2022-08-17 11:14:42,170 - INFO - 68 - Getting Soup From URL for The Purple Rose of Cairo
2022-08-17 11:14:43,239 - INFO - 163 - The movie was released on 1985
2022-08-17 11:14:43,242 - ERROR - 178 - We could not parse the movie's attributes
2022-08-17 11:14:43,242 - INFO - 258 - Now beginning a round where 7 actors have been added and 16 movies
2022-08-17 11:14:43,244 - INFO - 282 - Getting soup to parse attributes for Something Wild (1986 film)
2022-08-17 11:14:43,245 - INFO - 68 - Getting Soup From URL for Something Wild (1986 film)
2022-08-17 11:14:44,104 - INFO - 163 - The movie was released on 1986
2022-08-17 11:14:44,107 - INFO - 176 - The movie earned 8.4
2022-08-17 11:14:44,107 - INFO - 121 - Getting Actors that played in Something Wild (1986 film)
2022-08-17 11:14:44,108 - INFO - 208 - Something Wild (1986 film) added Melanie Griffith to the queue
2022-08-17 11:14:44,108 - INFO - 208 - Something Wild (1986 film) added Jeff Daniels to the queue
2022-08-17 11:14:44,108 - INFO - 208 - Something Wild (1986 film) added Ray Liotta to the queue
2022-08-17 11:14:44,108 - DEBUG - 321 - tag list should have 20 many entries; it actually has 3 many entries
2022-08-17 11:14:44,109 - INFO - 322 - If it has fewer entries than it should have, this means that we tried parsing more records than the webpage allowed for
2022-08-17 11:14:44,109 - INFO - 258 - Now beginning a round where 7 actors have been added and 17 movies
2022-08-17 11:14:44,109 - INFO - 282 - Getting soup to parse attributes for Gettysburg (1993 film)
2022-08-17 11:14:44,109 - INFO - 68 - Getting Soup From URL for Gettysburg (1993 film)
2022-08-17 11:14:44,959 - INFO - 163 - The movie was released on 1993
2022-08-17 11:14:44,963 - INFO - 176 - The movie earned 12.7
2022-08-17 11:14:44,964 - INFO - 121 - Getting Actors that played in Gettysburg (1993 film)
2022-08-17 11:14:44,965 - INFO - 208 - Gettysburg (1993 film) added Tom Berenger to the queue
2022-08-17 11:14:44,965 - INFO - 208 - Gettysburg (1993 film) added Jeff Daniels to the queue
2022-08-17 11:14:44,965 - INFO - 208 - Gettysburg (1993 film) added Martin Sheen to the queue
2022-08-17 11:14:44,965 - INFO - 208 - Gettysburg (1993 film) added Maxwell Caulfield to the queue
2022-08-17 11:14:44,966 - INFO - 208 - Gettysburg (1993 film) added Kevin Conway (actor) to the queue
2022-08-17 11:14:44,966 - INFO - 208 - Gettysburg (1993 film) added C. Thomas Howell to the queue
2022-08-17 11:14:44,966 - INFO - 208 - Gettysburg (1993 film) added Richard Jordan to the queue
2022-08-17 11:14:44,966 - INFO - 208 - Gettysburg (1993 film) added Stephen Lang to the queue
2022-08-17 11:14:44,966 - INFO - 208 - Gettysburg (1993 film) added Sam Elliott to the queue
2022-08-17 11:14:44,966 - DEBUG - 321 - tag list should have 20 many entries; it actually has 9 many entries
2022-08-17 11:14:44,966 - INFO - 322 - If it has fewer entries than it should have, this means that we tried parsing more records than the webpage allowed for
2022-08-17 11:14:44,966 - INFO - 258 - Now beginning a round where 7 actors have been added and 18 movies
2022-08-17 11:14:44,966 - INFO - 282 - Getting soup to parse attributes for Speed (1994 film)
2022-08-17 11:14:44,967 - INFO - 68 - Getting Soup From URL for Speed (1994 film)
2022-08-17 11:14:45,886 - ERROR - 79 - Connection to Speed_(1994_film) failed
2022-08-17 11:14:45,890 - INFO - 258 - Now beginning a round where 7 actors have been added and 18 movies
2022-08-17 11:14:45,891 - INFO - 282 - Getting soup to parse attributes for Dumb and Dumber
2022-08-17 11:14:45,891 - INFO - 68 - Getting Soup From URL for Dumb and Dumber
2022-08-17 11:14:46,870 - INFO - 163 - The movie was released on 1994
2022-08-17 11:14:46,873 - INFO - 176 - The movie earned 247.3
2022-08-17 11:14:46,873 - INFO - 121 - Getting Actors that played in Dumb and Dumber
2022-08-17 11:14:46,874 - INFO - 208 - Dumb and Dumber added Jim Carrey to the queue
2022-08-17 11:14:46,874 - INFO - 208 - Dumb and Dumber added Jeff Daniels to the queue
2022-08-17 11:14:46,875 - INFO - 208 - Dumb and Dumber added Lauren Holly to the queue
2022-08-17 11:14:46,875 - INFO - 208 - Dumb and Dumber added Karen Duffy to the queue
2022-08-17 11:14:46,875 - INFO - 208 - Dumb and Dumber added Mike Starr (actor) to the queue
2022-08-17 11:14:46,875 - INFO - 208 - Dumb and Dumber added Charles Rocket to the queue
2022-08-17 11:14:46,875 - INFO - 208 - Dumb and Dumber added Teri Garr to the queue
2022-08-17 11:14:46,875 - DEBUG - 321 - tag list should have 20 many entries; it actually has 7 many entries
2022-08-17 11:14:46,875 - INFO - 322 - If it has fewer entries than it should have, this means that we tried parsing more records than the webpage allowed for
2022-08-17 11:14:46,875 - INFO - 258 - Now beginning a round where 7 actors have been added and 19 movies
2022-08-17 11:14:46,875 - INFO - 282 - Getting soup to parse attributes for The Equalizer (1985 TV series)
2022-08-17 11:14:46,875 - INFO - 68 - Getting Soup From URL for The Equalizer (1985 TV series)
2022-08-17 11:14:48,168 - ERROR - 178 - We could not parse the movie's attributes
2022-08-17 11:14:48,168 - INFO - 258 - Now beginning a round where 7 actors have been added and 19 movies
2022-08-17 11:14:48,172 - INFO - 282 - Getting soup to parse attributes for Angel (1999 TV series)
2022-08-17 11:14:48,172 - INFO - 68 - Getting Soup From URL for Angel (1999 TV series)
2022-08-17 11:14:49,718 - ERROR - 178 - We could not parse the movie's attributes
2022-08-17 11:14:49,719 - INFO - 258 - Now beginning a round where 7 actors have been added and 19 movies
2022-08-17 11:14:49,719 - INFO - 282 - Getting soup to parse attributes for The Dark Knight
2022-08-17 11:14:49,720 - INFO - 68 - Getting Soup From URL for The Dark Knight
2022-08-17 11:14:53,555 - ERROR - 178 - We could not parse the movie's attributes
2022-08-17 11:14:53,556 - INFO - 258 - Now beginning a round where 7 actors have been added and 19 movies
2022-08-17 11:14:53,556 - INFO - 282 - Getting soup to parse attributes for Argo (2012 film)
2022-08-17 11:14:53,556 - INFO - 68 - Getting Soup From URL for Argo (2012 film)
2022-08-17 11:14:55,552 - ERROR - 178 - We could not parse the movie's attributes
2022-08-17 11:14:55,552 - INFO - 258 - Now beginning a round where 7 actors have been added and 19 movies
2022-08-17 11:14:55,552 - INFO - 282 - Getting soup to parse attributes for Dead Space (2008 video game)
2022-08-17 11:14:55,552 - INFO - 68 - Getting Soup From URL for Dead Space (2008 video game)
2022-08-17 11:14:57,093 - ERROR - 178 - We could not parse the movie's attributes
2022-08-17 11:14:57,094 - INFO - 258 - Now beginning a round where 7 actors have been added and 19 movies
2022-08-17 11:14:57,094 - INFO - 282 - Getting soup to parse attributes for Mass Effect 2
2022-08-17 11:14:57,094 - INFO - 68 - Getting Soup From URL for Mass Effect 2
2022-08-17 11:14:58,838 - ERROR - 178 - We could not parse the movie's attributes
2022-08-17 11:14:58,838 - INFO - 258 - Now beginning a round where 7 actors have been added and 19 movies
2022-08-17 11:14:58,838 - INFO - 282 - Getting soup to parse attributes for L.A. Noire
2022-08-17 11:14:58,838 - INFO - 68 - Getting Soup From URL for L.A. Noire
2022-08-17 11:15:01,338 - ERROR - 178 - We could not parse the movie's attributes
2022-08-17 11:15:01,338 - INFO - 258 - Now beginning a round where 7 actors have been added and 19 movies
2022-08-17 11:15:01,338 - INFO - 282 - Getting soup to parse attributes for Halo 4
2022-08-17 11:15:01,338 - INFO - 68 - Getting Soup From URL for Halo 4
2022-08-17 11:15:03,118 - ERROR - 178 - We could not parse the movie's attributes
2022-08-17 11:15:03,118 - INFO - 258 - Now beginning a round where 7 actors have been added and 19 movies
2022-08-17 11:15:03,118 - INFO - 282 - Getting soup to parse attributes for Gene Wilder
2022-08-17 11:15:03,118 - INFO - 68 - Getting Soup From URL for Gene Wilder
2022-08-17 11:15:04,702 - ERROR - 191 - We could not parse the actor's attributes
2022-08-17 11:15:04,703 - INFO - 258 - Now beginning a round where 7 actors have been added and 19 movies
2022-08-17 11:15:04,703 - INFO - 282 - Getting soup to parse attributes for Richard Pryor
2022-08-17 11:15:04,703 - INFO - 68 - Getting Soup From URL for Richard Pryor
2022-08-17 11:15:06,334 - ERROR - 191 - We could not parse the actor's attributes
2022-08-17 11:15:06,334 - INFO - 258 - Now beginning a round where 7 actors have been added and 19 movies
2022-08-17 11:15:06,334 - INFO - 258 - Now beginning a round where 7 actors have been added and 19 movies
2022-08-17 11:15:06,334 - INFO - 258 - Now beginning a round where 7 actors have been added and 19 movies
2022-08-17 11:15:06,334 - INFO - 282 - Getting soup to parse attributes for Craig T. Nelson
2022-08-17 11:15:06,334 - INFO - 68 - Getting Soup From URL for Craig T. Nelson
2022-08-17 11:15:07,323 - INFO - 90 - Getting Movies that Craig T. Nelson played in
2022-08-17 11:15:07,323 - INFO - 93 - Trying to get soup using the _filmography suffix for Craig T. Nelson
2022-08-17 11:15:07,323 - INFO - 68 - Getting Soup From URL for Craig T. Nelson
2022-08-17 11:15:07,826 - ERROR - 79 - Connection to Craig_T._Nelson failed
2022-08-17 11:15:07,828 - INFO - 96 - Trying to get soup using the #filmography suffix for Craig T. Nelson
2022-08-17 11:15:07,829 - INFO - 68 - Getting Soup From URL for Craig T. Nelson
2022-08-17 11:15:08,856 - INFO - 208 - Craig T. Nelson added Parenthood (2010 TV series) to the queue
2022-08-17 11:15:08,856 - INFO - 208 - Craig T. Nelson added Coach (TV series) to the queue
2022-08-17 11:15:08,856 - INFO - 208 - Craig T. Nelson added Stir Crazy (film) to the queue
2022-08-17 11:15:08,856 - INFO - 208 - Craig T. Nelson added Poltergeist (1982 film) to the queue
2022-08-17 11:15:08,857 - INFO - 208 - Craig T. Nelson added Action Jackson (1988 film) to the queue
2022-08-17 11:15:08,857 - INFO - 208 - Craig T. Nelson added Turner & Hooch to the queue
2022-08-17 11:15:08,857 - INFO - 208 - Craig T. Nelson added The Devil's Advocate (1997 film) to the queue
2022-08-17 11:15:08,857 - INFO - 208 - Craig T. Nelson added The District to the queue
2022-08-17 11:15:08,857 - DEBUG - 321 - tag list should have 8 many entries; it actually has 8 many entries
2022-08-17 11:15:08,857 - INFO - 322 - If it has fewer entries than it should have, this means that we tried parsing more records than the webpage allowed for
2022-08-17 11:15:08,857 - INFO - 258 - Now beginning a round where 8 actors have been added and 19 movies
2022-08-17 11:15:08,857 - INFO - 282 - Getting soup to parse attributes for Beatrice Straight
2022-08-17 11:15:08,857 - INFO - 68 - Getting Soup From URL for Beatrice Straight
2022-08-17 11:15:09,800 - ERROR - 191 - We could not parse the actor's attributes
2022-08-17 11:15:09,800 - INFO - 258 - Now beginning a round where 8 actors have been added and 19 movies
2022-08-17 11:15:09,801 - INFO - 258 - Now beginning a round where 8 actors have been added and 19 movies
2022-08-17 11:15:09,801 - INFO - 282 - Getting soup to parse attributes for Tom Berenger
2022-08-17 11:15:09,801 - INFO - 68 - Getting Soup From URL for Tom Berenger
2022-08-17 11:15:10,875 - INFO - 90 - Getting Movies that Tom Berenger played in
2022-08-17 11:15:10,875 - INFO - 93 - Trying to get soup using the _filmography suffix for Tom Berenger
2022-08-17 11:15:10,876 - INFO - 68 - Getting Soup From URL for Tom Berenger
2022-08-17 11:15:11,389 - ERROR - 79 - Connection to Tom_Berenger failed
2022-08-17 11:15:11,393 - INFO - 96 - Trying to get soup using the #filmography suffix for Tom Berenger
2022-08-17 11:15:11,393 - INFO - 68 - Getting Soup From URL for Tom Berenger
2022-08-17 11:15:12,561 - INFO - 208 - Tom Berenger added Platoon (film) to the queue
2022-08-17 11:15:12,561 - INFO - 208 - Tom Berenger added Major League (film) to the queue
2022-08-17 11:15:12,561 - INFO - 208 - Tom Berenger added Sniper (film series) to the queue
2022-08-17 11:15:12,561 - INFO - 208 - Tom Berenger added Looking for Mr. Goodbar (film) to the queue
2022-08-17 11:15:12,561 - INFO - 208 - Tom Berenger added The Dogs of War (film) to the queue
2022-08-17 11:15:12,561 - INFO - 208 - Tom Berenger added The Big Chill (film) to the queue
2022-08-17 11:15:12,561 - INFO - 208 - Tom Berenger added Eddie and the Cruisers to the queue
2022-08-17 11:15:12,561 - INFO - 208 - Tom Berenger added Betrayed (1988 film) to the queue
2022-08-17 11:15:12,561 - DEBUG - 321 - tag list should have 8 many entries; it actually has 8 many entries
2022-08-17 11:15:12,562 - INFO - 322 - If it has fewer entries than it should have, this means that we tried parsing more records than the webpage allowed for
2022-08-17 11:15:12,562 - INFO - 258 - Now beginning a round where 9 actors have been added and 19 movies
2022-08-17 11:15:12,562 - INFO - 282 - Getting soup to parse attributes for Glenn Close
2022-08-17 11:15:12,562 - INFO - 68 - Getting Soup From URL for Glenn Close
2022-08-17 11:15:14,089 - INFO - 90 - Getting Movies that Glenn Close played in
2022-08-17 11:15:14,089 - INFO - 93 - Trying to get soup using the _filmography suffix for Glenn Close
2022-08-17 11:15:14,089 - INFO - 68 - Getting Soup From URL for Glenn Close
2022-08-17 11:15:15,360 - INFO - 208 - Glenn Close added Albert Nobbs to the queue
2022-08-17 11:15:15,361 - INFO - 208 - Glenn Close added Barnum (musical) to the queue
2022-08-17 11:15:15,361 - INFO - 208 - Glenn Close added The Real Thing (play) to the queue
2022-08-17 11:15:15,361 - INFO - 208 - Glenn Close added The World According to Garp (film) to the queue
2022-08-17 11:15:15,361 - INFO - 208 - Glenn Close added The Big Chill (film) to the queue
2022-08-17 11:15:15,361 - INFO - 208 - Glenn Close added The Natural (film) to the queue
2022-08-17 11:15:15,361 - INFO - 208 - Glenn Close added Fatal Attraction to the queue
2022-08-17 11:15:15,361 - INFO - 208 - Glenn Close added Dangerous Liaisons to the queue
2022-08-17 11:15:15,361 - DEBUG - 321 - tag list should have 8 many entries; it actually has 8 many entries
2022-08-17 11:15:15,361 - INFO - 322 - If it has fewer entries than it should have, this means that we tried parsing more records than the webpage allowed for
